15:52:48.365 INFO  utilities.Util - Date and Time :: 03_31_2025 15_52_48
15:52:48.368 INFO  utilities.ExtentManager - *********** Report Path ***********
15:52:48.368 INFO  utilities.ExtentManager - /Users/saurabh16.pandey/Library/CloudStorage/OneDrive-RelianceCorporateITParkLimited/AutomationFrameWork/automationfrmwrk//reports//AutomationReport_03_31_2025 15_52_48.html
15:52:48.368 INFO  utilities.ExtentManager - *********** Report Path ***********
15:52:48.463 INFO  base.WebDriverFactory - OS Name from system property :: mac
15:52:48.465 INFO  base.WebDriverFactory - Driver Binary :: /Users/saurabh16.pandey/Library/CloudStorage/OneDrive-RelianceCorporateITParkLimited/AutomationFrameWork/automationfrmwrk//drivers//chromedriver
15:54:24.501 INFO  utilities.Util - Waiting 0.02 seconds :: Clicked on ::Login
15:54:24.669 INFO  base.CustomerDriver - SendKeys on element::[[ChromeDriver: chrome on MAC (2cc2b3f831af9c79b704206edaa5e001)] -> id: email]Usernamefieldwith data:: test@email.com
15:54:24.722 INFO  base.CustomerDriver - SendKeys on element::[[ChromeDriver: chrome on MAC (2cc2b3f831af9c79b704206edaa5e001)] -> id: login-password]Passwordfieldwith data:: abcabc
15:54:24.768 INFO  base.CustomerDriver - Clicked on ::LoginButton
15:54:25.001 INFO  base.CheckPoint - Clearing the HashMap
15:54:57.625 INFO  utilities.Util - Waiting 0.01 seconds :: Clicked on ::All Courses Link
15:55:18.629 ERROR base.CustomerDriver - Element not found with locatorid=>search
15:55:18.632 ERROR base.CustomerDriver - Cannot Click on :: searchbar - Exception: Must provide a location for a move action.
15:55:38.660 ERROR base.CustomerDriver - Element not found with locatorid=>search
15:55:38.661 ERROR base.CustomerDriver - Element not found for locator: id=>search
15:55:58.724 ERROR base.CustomerDriver - Element not found with locatorxpath=>//button[@class='find-course search-course']
15:55:58.725 ERROR base.CustomerDriver - Cannot Click on :: SearchIcon - Exception: Must provide a location for a move action.
15:56:18.798 INFO  base.CustomerDriver - Elements list not found with :  xpath=>//div[@class='col-lg-4 col-md-4 col-sm-6 col-xs-12']
15:56:18.806 INFO  base.CheckPoint - Clearing the HashMap
15:56:52.195 INFO  utilities.Util - Waiting 0.01 seconds :: Clicked on ::All Courses Link
15:56:52.342 INFO  base.CustomerDriver - Clicked on :: searchbar using Actions class
15:56:52.484 INFO  base.CustomerDriver - Actions sendKeys on element:: [[ChromeDriver: chrome on MAC (2cc2b3f831af9c79b704206edaa5e001)] -> id: search] Coursename with data:: javascript
15:56:52.626 INFO  base.CustomerDriver - Clicked on :: SearchIcon using Actions class
15:56:52.634 INFO  base.CustomerDriver - Elements list found with :  xpath=>//div[@class='col-lg-4 col-md-4 col-sm-6 col-xs-12']
15:56:52.885 INFO  base.WebDriverFactory - OS Name from system property :: mac
15:56:52.885 INFO  base.WebDriverFactory - Driver Binary :: /Users/saurabh16.pandey/Library/CloudStorage/OneDrive-RelianceCorporateITParkLimited/AutomationFrameWork/automationfrmwrk//drivers//chromedriver
