17:00:02.507 INFO  utilities.Util - Date and Time :: 03_31_2025 17_00_02
17:00:02.522 INFO  utilities.ExtentManager - *********** Report Path ***********
17:00:02.522 INFO  utilities.ExtentManager - /Users/saurabh16.pandey/Library/CloudStorage/OneDrive-RelianceCorporateITParkLimited/AutomationFrameWork/automationfrmwrk//reports//AutomationReport_03_31_2025 17_00_02.html
17:00:02.522 INFO  utilities.ExtentManager - *********** Report Path ***********
17:00:02.613 INFO  base.WebDriverFactory - OS Name from system property :: mac
17:00:02.613 INFO  base.WebDriverFactory - Driver Binary :: /Users/saurabh16.pandey/Library/CloudStorage/OneDrive-RelianceCorporateITParkLimited/AutomationFrameWork/automationfrmwrk//drivers//chromedriver
17:00:13.789 INFO  utilities.Util - Waiting 0.02 seconds :: Clicked on ::Login
17:00:14.026 INFO  base.CustomerDriver - SendKeys on element::[[ChromeDriver: chrome on MAC (1faf1d853dedb5573604add8e569d41d)] -> id: email]Usernamefieldwith data:: test@email.com
17:00:14.075 INFO  base.CustomerDriver - SendKeys on element::[[ChromeDriver: chrome on MAC (1faf1d853dedb5573604add8e569d41d)] -> id: login-password]Passwordfieldwith data:: abcabc
17:00:14.121 INFO  utilities.Util - Waiting 0.0 seconds :: Clicked on ::LoginButton
17:00:14.536 INFO  base.CheckPoint - Clearing the HashMap
17:00:17.537 INFO  base.CustomerDriver - Elements list found with :  id=>dropdownMenu1
17:00:18.471 INFO  base.CustomerDriver - Clicked on ::All Courses Link
17:00:28.596 ERROR base.CustomerDriver - Element not found with locatorid=>search
17:00:28.598 ERROR base.CustomerDriver - Cannot Click on :: searchbar - Exception: Must provide a location for a move action.
17:00:38.637 ERROR base.CustomerDriver - Element not found with locatorid=>search
17:00:38.638 ERROR base.CustomerDriver - Element not found for locator: id=>search
17:00:48.664 ERROR base.CustomerDriver - Element not found with locatorxpath=>//button[@class='find-course search-course']
17:00:48.666 ERROR base.CustomerDriver - Cannot Click on :: SearchIcon - Exception: Must provide a location for a move action.
17:00:58.689 INFO  base.CustomerDriver - Elements list not found with :  xpath=>//div[@class='col-lg-4 col-md-4 col-sm-6 col-xs-12']
17:00:58.698 INFO  base.CheckPoint - Clearing the HashMap
17:01:08.712 INFO  base.CustomerDriver - Elements list not found with :  id=>dropdownMenu1
17:01:08.779 INFO  base.CustomerDriver - SendKeys on element::[[ChromeDriver: chrome on MAC (1faf1d853dedb5573604add8e569d41d)] -> id: email]Usernamefieldwith data:: test@email.com
17:01:08.830 INFO  base.CustomerDriver - SendKeys on element::[[ChromeDriver: chrome on MAC (1faf1d853dedb5573604add8e569d41d)] -> id: login-password]Passwordfieldwith data:: abcabc
17:01:08.875 INFO  utilities.Util - Waiting 0.0 seconds :: Clicked on ::LoginButton
17:01:10.552 ERROR base.CustomerDriver - Cannot clicked on  ::All Courses Link
17:01:10.553 INFO  utilities.Util - Date and Time :: 03_31_2025 17_01_10
17:01:10.884 INFO  base.CustomerDriver - Screen Shot Was Stored at: /Users/saurabh16.pandey/Library/CloudStorage/OneDrive-RelianceCorporateITParkLimited/AutomationFrameWork/automationfrmwrk//test-output/screenshots// _Click Error_03_31_2025 17_01_10.png
17:01:20.934 ERROR base.CustomerDriver - Element not found with locatorid=>search
17:01:20.934 ERROR base.CustomerDriver - Cannot Click on :: searchbar - Exception: Must provide a location for a move action.
17:01:27.248 ERROR base.CustomerDriver - Element not found with locatorid=>search
17:01:27.249 ERROR base.CustomerDriver - Element not found for locator: id=>search
17:01:27.251 ERROR base.CustomerDriver - Element not found with locatorxpath=>//button[@class='find-course search-course']
17:01:27.252 ERROR base.CustomerDriver - Cannot Click on :: SearchIcon - Exception: Must provide a location for a move action.
17:01:27.253 ERROR base.CustomerDriver - Elements list not found with :  xpath=>//div[@class='col-lg-4 col-md-4 col-sm-6 col-xs-12']
