17:16:27.162 INFO  utilities.Util - Date and Time :: 03_31_2025 17_16_27
17:16:27.165 INFO  utilities.ExtentManager - *********** Report Path ***********
17:16:27.165 INFO  utilities.ExtentManager - /Users/saurabh16.pandey/Library/CloudStorage/OneDrive-RelianceCorporateITParkLimited/AutomationFrameWork/automationfrmwrk//reports//AutomationReport_03_31_2025 17_16_27.html
17:16:27.165 INFO  utilities.ExtentManager - *********** Report Path ***********
17:16:27.256 INFO  base.WebDriverFactory - OS Name from system property :: mac
17:16:27.256 INFO  base.WebDriverFactory - Driver Binary :: /Users/saurabh16.pandey/Library/CloudStorage/OneDrive-RelianceCorporateITParkLimited/AutomationFrameWork/automationfrmwrk//drivers//chromedriver
17:16:35.901 INFO  utilities.Util - Waiting 0.02 seconds :: Clicked on ::Login
17:16:36.073 INFO  base.CustomerDriver - SendKeys on element::[[ChromeDriver: chrome on MAC (b976d8482b9d2e8e7ca745acdf0cc671)] -> id: email]Usernamefieldwith data:: test@email.com
17:16:36.122 INFO  base.CustomerDriver - SendKeys on element::[[ChromeDriver: chrome on MAC (b976d8482b9d2e8e7ca745acdf0cc671)] -> id: login-password]Passwordfieldwith data:: abcabc
17:16:36.167 INFO  utilities.Util - Waiting 0.0 seconds :: Clicked on ::LoginButton
17:16:36.581 INFO  base.CheckPoint - Clearing the HashMap
17:16:39.745 INFO  base.CustomerDriver - Elements list found with :  id=>dropdownMenu1
17:16:40.716 INFO  base.CustomerDriver - Clicked on ::All Courses Link
17:16:50.779 ERROR base.CustomerDriver - Element not found with locatorid=>search
17:16:50.782 ERROR base.CustomerDriver - Cannot Click on :: searchbar - Exception: Must provide a location for a move action.
17:17:00.813 ERROR base.CustomerDriver - Element not found with locatorid=>search
17:17:00.814 ERROR base.CustomerDriver - Element not found for locator: id=>search
17:17:01.043 ERROR base.CustomerDriver - Element not found with locatorxpath=>//button[@class='find-course search-course']
17:17:01.044 ERROR base.CustomerDriver - Cannot Click on :: SearchIcon - Exception: Must provide a location for a move action.
17:17:01.234 ERROR base.CustomerDriver - Elements list not found with :  xpath=>//div[@class='col-lg-4 col-md-4 col-sm-6 col-xs-12']
17:17:01.239 INFO  base.CheckPoint - Clearing the HashMap
17:17:01.242 ERROR base.CustomerDriver - Elements list not found with :  id=>dropdownMenu1
17:17:01.280 INFO  base.WebDriverFactory - OS Name from system property :: mac
17:17:01.280 INFO  base.WebDriverFactory - Driver Binary :: /Users/saurabh16.pandey/Library/CloudStorage/OneDrive-RelianceCorporateITParkLimited/AutomationFrameWork/automationfrmwrk//drivers//chromedriver
17:17:05.647 ERROR base.CustomerDriver - Cannot clicked on  ::Login
17:17:05.648 INFO  utilities.Util - Date and Time :: 03_31_2025 17_17_05
17:17:05.655 INFO  base.CheckPoint - Clearing the HashMap
17:17:05.660 ERROR base.CustomerDriver - Element not found with locatorid=>email
17:17:05.661 ERROR base.CustomerDriver - Cannot send keys on the element ::  Usernamefield null with data:: test@email.com
17:17:05.664 ERROR base.CustomerDriver - Element not found with locatorid=>login-password
17:17:05.664 ERROR base.CustomerDriver - Cannot send keys on the element ::  Passwordfield null with data:: abcabc
17:17:05.667 ERROR base.CustomerDriver - Element not found with locatorid=>login
17:17:05.668 ERROR base.CustomerDriver - Cannot clicked on  ::LoginButton
17:17:05.668 INFO  utilities.Util - Date and Time :: 03_31_2025 17_17_05
17:17:05.672 ERROR base.CustomerDriver - Element not found with locatorxpath=>//a[@href='/courses']
17:17:05.673 INFO  base.CustomerDriver - Getting Text on element :: All Courses Link
17:17:05.676 ERROR base.CustomerDriver - Elements list not found with :  id=>dropdownMenu1
